<?xml version="1.0" encoding="UTF-8"?>
<testsuite xmlns:xsi="http://www.w3.org/2001/XMLSchema-instance" xsi:noNamespaceSchemaLocation="https://maven.apache.org/surefire/maven-surefire-plugin/xsd/surefire-test-report-3.0.xsd" version="3.0" name="fr.ensimag.deca.context.TestPlusAdvanced" time="0.699" tests="3" errors="0" skipped="0" failures="0">
  <properties>
    <property name="java.specification.version" value="23"/>
    <property name="sun.jnu.encoding" value="UTF-8"/>
    <property name="java.class.path" value="/home/usr434546/Documents/Ensimag/2A/gl14/target/test-classes:/home/usr434546/Documents/Ensimag/2A/gl14/target/classes:/home/usr434546/.m2/repository/org/antlr/antlr4-runtime/4.13.2/antlr4-runtime-4.13.2.jar:/home/usr434546/.m2/repository/log4j/log4j/1.2.17/log4j-1.2.17.jar:/home/usr434546/.m2/repository/commons-lang/commons-lang/2.6/commons-lang-2.6.jar:/home/usr434546/.m2/repository/org/junit/jupiter/junit-jupiter-api/5.11.3/junit-jupiter-api-5.11.3.jar:/home/usr434546/.m2/repository/org/opentest4j/opentest4j/1.3.0/opentest4j-1.3.0.jar:/home/usr434546/.m2/repository/org/junit/platform/junit-platform-commons/1.11.3/junit-platform-commons-1.11.3.jar:/home/usr434546/.m2/repository/org/apiguardian/apiguardian-api/1.1.2/apiguardian-api-1.1.2.jar:/home/usr434546/.m2/repository/org/junit/jupiter/junit-jupiter-params/5.11.3/junit-jupiter-params-5.11.3.jar:/home/usr434546/.m2/repository/org/junit/jupiter/junit-jupiter-engine/5.11.3/junit-jupiter-engine-5.11.3.jar:/home/usr434546/.m2/repository/org/junit/platform/junit-platform-engine/1.11.3/junit-platform-engine-1.11.3.jar:/home/usr434546/.m2/repository/org/mockito/mockito-core/5.14.2/mockito-core-5.14.2.jar:/home/usr434546/.m2/repository/net/bytebuddy/byte-buddy/1.15.4/byte-buddy-1.15.4.jar:/home/usr434546/.m2/repository/net/bytebuddy/byte-buddy-agent/1.15.4/byte-buddy-agent-1.15.4.jar:/home/usr434546/.m2/repository/org/objenesis/objenesis/3.3/objenesis-3.3.jar:/home/usr434546/.m2/repository/org/jacoco/org.jacoco.agent/0.8.12/org.jacoco.agent-0.8.12-runtime.jar:"/>
    <property name="java.vm.vendor" value="Oracle Corporation"/>
    <property name="sun.arch.data.model" value="64"/>
    <property name="swing.aatext" value="true"/>
    <property name="java.vendor.url" value="https://java.oracle.com/"/>
    <property name="user.timezone" value="Europe/Paris"/>
    <property name="os.name" value="Linux"/>
    <property name="java.vm.specification.version" value="23"/>
    <property name="sun.java.launcher" value="SUN_STANDARD"/>
    <property name="user.country" value="GB"/>
    <property name="sun.boot.library.path" value="/usr/lib/jvm/jdk-23.0.1-oracle-x64/lib"/>
    <property name="sun.java.command" value="/home/usr434546/Documents/Ensimag/2A/gl14/target/surefire/surefirebooter-20250112180147497_3.jar /home/usr434546/Documents/Ensimag/2A/gl14/target/surefire 2025-01-12T18-01-47_424-jvmRun1 surefire-20250112180147497_1tmp surefire_0-20250112180147497_2tmp"/>
    <property name="jdk.debug" value="release"/>
    <property name="surefire.test.class.path" value="/home/usr434546/Documents/Ensimag/2A/gl14/target/test-classes:/home/usr434546/Documents/Ensimag/2A/gl14/target/classes:/home/usr434546/.m2/repository/org/antlr/antlr4-runtime/4.13.2/antlr4-runtime-4.13.2.jar:/home/usr434546/.m2/repository/log4j/log4j/1.2.17/log4j-1.2.17.jar:/home/usr434546/.m2/repository/commons-lang/commons-lang/2.6/commons-lang-2.6.jar:/home/usr434546/.m2/repository/org/junit/jupiter/junit-jupiter-api/5.11.3/junit-jupiter-api-5.11.3.jar:/home/usr434546/.m2/repository/org/opentest4j/opentest4j/1.3.0/opentest4j-1.3.0.jar:/home/usr434546/.m2/repository/org/junit/platform/junit-platform-commons/1.11.3/junit-platform-commons-1.11.3.jar:/home/usr434546/.m2/repository/org/apiguardian/apiguardian-api/1.1.2/apiguardian-api-1.1.2.jar:/home/usr434546/.m2/repository/org/junit/jupiter/junit-jupiter-params/5.11.3/junit-jupiter-params-5.11.3.jar:/home/usr434546/.m2/repository/org/junit/jupiter/junit-jupiter-engine/5.11.3/junit-jupiter-engine-5.11.3.jar:/home/usr434546/.m2/repository/org/junit/platform/junit-platform-engine/1.11.3/junit-platform-engine-1.11.3.jar:/home/usr434546/.m2/repository/org/mockito/mockito-core/5.14.2/mockito-core-5.14.2.jar:/home/usr434546/.m2/repository/net/bytebuddy/byte-buddy/1.15.4/byte-buddy-1.15.4.jar:/home/usr434546/.m2/repository/net/bytebuddy/byte-buddy-agent/1.15.4/byte-buddy-agent-1.15.4.jar:/home/usr434546/.m2/repository/org/objenesis/objenesis/3.3/objenesis-3.3.jar:/home/usr434546/.m2/repository/org/jacoco/org.jacoco.agent/0.8.12/org.jacoco.agent-0.8.12-runtime.jar:"/>
    <property name="sun.cpu.endian" value="little"/>
    <property name="user.home" value="/home/usr434546"/>
    <property name="user.language" value="en"/>
    <property name="java.specification.vendor" value="Oracle Corporation"/>
    <property name="java.version.date" value="2024-10-15"/>
    <property name="java.home" value="/usr/lib/jvm/jdk-23.0.1-oracle-x64"/>
    <property name="file.separator" value="/"/>
    <property name="basedir" value="/home/usr434546/Documents/Ensimag/2A/gl14"/>
    <property name="java.vm.compressedOopsMode" value="Zero based"/>
    <property name="line.separator" value="&#10;"/>
    <property name="java.vm.specification.vendor" value="Oracle Corporation"/>
    <property name="java.specification.name" value="Java Platform API Specification"/>
    <property name="surefire.real.class.path" value="/home/usr434546/Documents/Ensimag/2A/gl14/target/surefire/surefirebooter-20250112180147497_3.jar"/>
    <property name="awt.useSystemAAFontSettings" value="on"/>
    <property name="sun.management.compiler" value="HotSpot 64-Bit Tiered Compilers"/>
    <property name="java.runtime.version" value="23.0.1+11-39"/>
    <property name="user.name" value="usr434546"/>
    <property name="stdout.encoding" value="UTF-8"/>
    <property name="path.separator" value=":"/>
    <property name="os.version" value="6.11.2-amd64"/>
    <property name="java.runtime.name" value="Java(TM) SE Runtime Environment"/>
    <property name="file.encoding" value="UTF-8"/>
    <property name="java.vm.name" value="Java HotSpot(TM) 64-Bit Server VM"/>
    <property name="localRepository" value="/home/usr434546/.m2/repository"/>
    <property name="java.vendor.url.bug" value="https://bugreport.java.com/bugreport/"/>
    <property name="java.io.tmpdir" value="/tmp"/>
    <property name="java.version" value="23.0.1"/>
    <property name="user.dir" value="/home/usr434546/Documents/Ensimag/2A/gl14"/>
    <property name="os.arch" value="amd64"/>
    <property name="java.vm.specification.name" value="Java Virtual Machine Specification"/>
    <property name="native.encoding" value="UTF-8"/>
    <property name="java.library.path" value="/usr/java/packages/lib:/usr/lib64:/lib64:/lib:/usr/lib"/>
    <property name="java.vm.info" value="mixed mode, sharing"/>
    <property name="stderr.encoding" value="UTF-8"/>
    <property name="java.vendor" value="Oracle Corporation"/>
    <property name="java.vm.version" value="23.0.1+11-39"/>
    <property name="sun.io.unicode.encoding" value="UnicodeLittle"/>
    <property name="java.class.version" value="67.0"/>
  </properties>
  <testcase name="testFloatInt" classname="fr.ensimag.deca.context.TestPlusAdvanced" time="0.677">
    <system-err><![CDATA[Mockito is currently self-attaching to enable the inline-mock-maker. This will no longer work in future releases of the JDK. Please add Mockito as an agent to your build what is described in Mockito's documentation: https://javadoc.io/doc/org.mockito/mockito-core/latest/org/mockito/Mockito.html#0.3
WARNING: A Java agent has been loaded dynamically (/home/usr434546/.m2/repository/net/bytebuddy/byte-buddy-agent/1.15.4/byte-buddy-agent-1.15.4.jar)
WARNING: If a serviceability tool is in use, please run with -XX:+EnableDynamicAgentLoading to hide this warning
WARNING: If a serviceability tool is not in use, please run with -Djdk.instrument.traceUsage for more information
WARNING: Dynamic loading of agents will be disallowed by default in a future release
]]></system-err>
  </testcase>
  <testcase name="testIntFloat" classname="fr.ensimag.deca.context.TestPlusAdvanced" time="0.004"/>
  <testcase name="testIntInt" classname="fr.ensimag.deca.context.TestPlusAdvanced" time="0.003"/>
</testsuite>